
> airstack-phat-contract@1.0.0 localhost-node
> hardhat node



Started HTTP and WebSocket JSON-RPC server at http://127.0.0.1:8545/

Accounts
========

WARNING: These accounts, and their private keys, are publicly known.
Any funds sent to them on Mainnet or any other live network WILL BE LOST.

Account #0: 0xf39Fd6e51aad88F6F4ce6aB8827279cffFb92266 (10000 ETH)
Private Key: 0xac0974bec39a17e36ba4a6b4d238ff944bacb478cbed5efcae784d7bf4f2ff80

Account #1: 0x70997970C51812dc3A010C7d01b50e0d17dc79C8 (10000 ETH)
Private Key: 0x59c6995e998f97a5a0044966f0945389dc9e86dae88c7a8412f4603b6b78690d

Account #2: 0x3C44CdDdB6a900fa2b585dd299e03d12FA4293BC (10000 ETH)
Private Key: 0x5de4111afa1a4b94908f83103eb1f1706367c2e68ca870fc3fb9a804cdab365a

Account #3: 0x90F79bf6EB2c4f870365E785982E1f101E93b906 (10000 ETH)
Private Key: 0x7c852118294e51e653712a81e05800f419141751be58f605c371e15141b007a6

Account #4: 0x15d34AAf54267DB7D7c367839AAf71A00a2C6A65 (10000 ETH)
Private Key: 0x47e179ec197488593b187f80a00eb0da91f1b9d0b13f8733639f19c30a34926a

Account #5: 0x9965507D1a55bcC2695C58ba16FB37d819B0A4dc (10000 ETH)
Private Key: 0x8b3a350cf5c34c9194ca85829a2df0ec3153be0318b5e2d3348e872092edffba

Account #6: 0x976EA74026E726554dB657fA54763abd0C3a0aa9 (10000 ETH)
Private Key: 0x92db14e403b83dfe3df233f83dfa3a0d7096f21ca9b0d6d6b8d88b2b4ec1564e

Account #7: 0x14dC79964da2C08b23698B3D3cc7Ca32193d9955 (10000 ETH)
Private Key: 0x4bbbf85ce3377467afe5d46f804f221813b2bb87f24d81f60f1fcdbf7cbf4356

Account #8: 0x23618e81E3f5cdF7f54C3d65f7FBc0aBf5B21E8f (10000 ETH)
Private Key: 0xdbda1821b80551c9d65939329250298aa3472ba22feea921c0cf5d620ea67b97

Account #9: 0xa0Ee7A142d267C1f36714E4a8F75612F20a79720 (10000 ETH)
Private Key: 0x2a871d0798f97d79848a013d4936a73bf4cc922c825d33c1cf7073dff6d409c6

Account #10: 0xBcd4042DE499D14e55001CcbB24a551F3b954096 (10000 ETH)
Private Key: 0xf214f2b2cd398c806f84e317254e0f0b801d0643303237d97a22a48e01628897

Account #11: 0x71bE63f3384f5fb98995898A86B02Fb2426c5788 (10000 ETH)
Private Key: 0x701b615bbdfb9de65240bc28bd21bbc0d996645a3dd57e7b12bc2bdf6f192c82

Account #12: 0xFABB0ac9d68B0B445fB7357272Ff202C5651694a (10000 ETH)
Private Key: 0xa267530f49f8280200edf313ee7af6b827f2a8bce2897751d06a843f644967b1

Account #13: 0x1CBd3b2770909D4e10f157cABC84C7264073C9Ec (10000 ETH)
Private Key: 0x47c99abed3324a2707c28affff1267e45918ec8c3f20b8aa892e8b065d2942dd

Account #14: 0xdF3e18d64BC6A983f673Ab319CCaE4f1a57C7097 (10000 ETH)
Private Key: 0xc526ee95bf44d8fc405a158bb884d9d1238d99f0612e9f33d006bb0789009aaa

Account #15: 0xcd3B766CCDd6AE721141F452C550Ca635964ce71 (10000 ETH)
Private Key: 0x8166f546bab6da521a8369cab06c5d2b9e46670292d85c875ee9ec20e84ffb61

Account #16: 0x2546BcD3c84621e976D8185a91A922aE77ECEc30 (10000 ETH)
Private Key: 0xea6c44ac03bff858b476bba40716402b03e41b8e97e276d1baec7c37d42484a0

Account #17: 0xbDA5747bFD65F08deb54cb465eB87D40e51B197E (10000 ETH)
Private Key: 0x689af8efa8c651a91ad287602527f3af2fe9f6501a7ac4b061667b5a93e037fd

Account #18: 0xdD2FD4581271e230360230F9337D5c0430Bf44C0 (10000 ETH)
Private Key: 0xde9be858da4a475276426320d5e9262ecfc3ba460bfac56360bfa6c4c28b4ee0

Account #19: 0x8626f6940E2eb28930eFb4CeF49B2d1F2C9C1199 (10000 ETH)
Private Key: 0xdf57089febbacf7ba0bc227dafbffa9fc08a93fdc68e1e42411a14efcf23656e

WARNING: These accounts, and their private keys, are publicly known.
Any funds sent to them on Mainnet or any other live network WILL BE LOST.

eth_chainId
eth_chainId (2)
eth_accounts
eth_accounts (2)
eth_blockNumber
eth_chainId
eth_chainId (2)
eth_estimateGas
eth_getBlockByNumber
eth_feeHistory
eth_maxPriorityFeePerGas - Method not supported
eth_sendTransaction
  Contract deployment: OracleConsumerContract
  Contract address:    0x5fbdb2315678afecb367f032d93f642f64180aa3
  Transaction:         0xc80435407c1c498afd83b4e9c94cc1938da9f9aa7fe5f924a8714356b8f069ec
  From:                0xf39fd6e51aad88f6f4ce6ab8827279cfffb92266
  Value:               0 ETH
  Gas used:            4610716 of 4610716
  Block #1:            0x3679720f36ed0410b2477d08bab91547324a7a501fd01e10a1b72067c3425666

eth_chainId
eth_getTransactionByHash
eth_chainId
eth_getTransactionReceipt
eth_chainId
eth_accounts
eth_newFilter
eth_chainId
eth_getFilterChanges
eth_blockNumber
eth_blockNumber (2)
eth_blockNumber (3)
eth_blockNumber (4)
eth_blockNumber (5)
eth_blockNumber (6)
eth_blockNumber (7)
eth_chainId
eth_gasPrice
eth_getBlockByNumber
eth_chainId
eth_getTransactionCount
eth_chainId
eth_estimateGas
eth_chainId
eth_blockNumber
eth_chainId
eth_sendRawTransaction
  Contract call:       OracleConsumerContract#request
  Transaction:         0xdd77d3520f55676beefbb32bc3a0d4b93c49cfad58185fbd62a7ef4de10dc3aa
  From:                0xf39fd6e51aad88f6f4ce6ab8827279cfffb92266
  To:                  0x5fbdb2315678afecb367f032d93f642f64180aa3
  Value:               0 ETH
  Gas used:            192988 of 192988
  Block #2:            0x2ac42b17e056b53661af858a5665bab03534b1e017ef8d7f86c16dec86143bc8

eth_chainId
eth_getTransactionReceipt
eth_chainId
eth_getLogs
eth_blockNumber
eth_chainId
eth_getFilterChanges
eth_blockNumber
eth_chainId
eth_chainId (2)
eth_getLogs
eth_estimateGas
eth_blockNumber
eth_sendTransaction
  Contract call:       OracleConsumerContract#rollupU256CondEq
  Transaction:         0x88d18f75c2c30aa4be131f5ab54439d27a70412725cb405822f47d33262f33c0
  From:                0xf39fd6e51aad88f6f4ce6ab8827279cfffb92266
  To:                  0x5fbdb2315678afecb367f032d93f642f64180aa3
  Value:               0 ETH
  Gas used:            57319 of 67169
  Block #3:            0x4eda4d924b0da55ccf88786a53d6e38d222008a3328c2eae53239eccd5892488

eth_chainId
eth_getTransactionByHash
eth_blockNumber
eth_chainId
eth_chainId (2)
eth_getLogs
eth_blockNumber
eth_chainId
eth_getFilterChanges
eth_blockNumber
eth_blockNumber (2)
eth_blockNumber (3)
eth_blockNumber (4)
eth_blockNumber (5)
eth_blockNumber (6)
eth_blockNumber (7)
eth_blockNumber (8)
eth_blockNumber (9)
eth_blockNumber (10)
eth_blockNumber (11)
eth_blockNumber (12)
eth_blockNumber (13)
eth_blockNumber (14)
eth_blockNumber (15)
eth_blockNumber (16)
eth_blockNumber (17)
eth_blockNumber (18)
eth_blockNumber (19)
eth_blockNumber (20)
eth_blockNumber (21)
eth_blockNumber (22)
eth_blockNumber (23)
eth_blockNumber (24)
eth_blockNumber (25)
eth_blockNumber (26)
eth_blockNumber (27)
eth_blockNumber (28)
eth_blockNumber (29)
eth_blockNumber (30)
eth_blockNumber (31)
eth_blockNumber (32)
eth_blockNumber (33)
eth_blockNumber (34)
eth_blockNumber (35)
eth_blockNumber (36)
eth_blockNumber (37)
eth_blockNumber (38)
eth_blockNumber (39)
eth_blockNumber (40)
eth_blockNumber (41)
eth_blockNumber (42)
eth_blockNumber (43)
eth_blockNumber (44)
eth_blockNumber (45)
eth_blockNumber (46)
eth_blockNumber (47)
eth_blockNumber (48)
eth_blockNumber (49)
eth_blockNumber (50)
eth_blockNumber (51)
eth_blockNumber (52)
eth_blockNumber (53)
eth_blockNumber (54)
eth_blockNumber (55)
eth_blockNumber (56)
eth_blockNumber (57)
eth_blockNumber (58)
eth_blockNumber (59)
eth_blockNumber (60)
eth_blockNumber (61)
eth_blockNumber (62)
eth_blockNumber (63)
eth_blockNumber (64)
eth_blockNumber (65)
eth_blockNumber (66)
eth_blockNumber (67)
eth_blockNumber (68)
eth_blockNumber (69)
eth_blockNumber (70)
eth_blockNumber (71)
eth_blockNumber (72)
eth_blockNumber (73)
eth_blockNumber (74)
eth_blockNumber (75)
eth_blockNumber (76)
eth_blockNumber (77)
eth_blockNumber (78)
eth_blockNumber (79)
eth_blockNumber (80)
eth_blockNumber (81)
eth_blockNumber (82)
eth_blockNumber (83)
eth_blockNumber (84)
eth_blockNumber (85)
eth_blockNumber (86)
eth_blockNumber (87)
eth_blockNumber (88)
eth_blockNumber (89)
eth_blockNumber (90)
eth_blockNumber (91)
eth_blockNumber (92)
eth_blockNumber (93)
eth_blockNumber (94)
eth_blockNumber (95)
eth_blockNumber (96)
eth_blockNumber (97)
eth_blockNumber (98)
eth_blockNumber (99)
eth_blockNumber (100)
eth_blockNumber (101)
eth_blockNumber (102)
eth_blockNumber (103)
eth_blockNumber (104)
eth_blockNumber (105)
eth_blockNumber (106)
eth_blockNumber (107)
eth_blockNumber (108)
eth_blockNumber (109)
eth_blockNumber (110)
eth_blockNumber (111)
eth_blockNumber (112)
eth_blockNumber (113)
eth_blockNumber (114)
eth_blockNumber (115)
eth_blockNumber (116)
eth_blockNumber (117)
eth_blockNumber (118)
eth_blockNumber (119)
eth_blockNumber (120)
eth_blockNumber (121)
eth_blockNumber (122)
eth_blockNumber (123)
eth_blockNumber (124)
eth_blockNumber (125)
eth_blockNumber (126)
eth_blockNumber (127)
eth_blockNumber (128)
eth_blockNumber (129)
eth_blockNumber (130)
eth_blockNumber (131)
eth_blockNumber (132)
eth_blockNumber (133)
eth_blockNumber (134)
eth_blockNumber (135)
eth_blockNumber (136)
eth_blockNumber (137)
eth_blockNumber (138)
eth_blockNumber (139)
eth_blockNumber (140)
eth_blockNumber (141)
eth_blockNumber (142)
eth_blockNumber (143)
eth_blockNumber (144)
eth_blockNumber (145)
eth_blockNumber (146)
eth_blockNumber (147)
eth_blockNumber (148)
eth_blockNumber (149)
eth_blockNumber (150)
eth_blockNumber (151)
eth_blockNumber (152)
eth_blockNumber (153)
eth_blockNumber (154)
eth_blockNumber (155)
eth_blockNumber (156)
eth_blockNumber (157)
eth_blockNumber (158)
eth_blockNumber (159)
eth_blockNumber (160)
eth_blockNumber (161)
eth_blockNumber (162)
eth_blockNumber (163)
eth_blockNumber (164)
eth_blockNumber (165)
eth_blockNumber (166)
eth_blockNumber (167)
eth_blockNumber (168)
eth_blockNumber (169)
eth_blockNumber (170)
eth_blockNumber (171)
eth_blockNumber (172)
eth_blockNumber (173)
eth_blockNumber (174)
eth_blockNumber (175)
eth_blockNumber (176)
eth_blockNumber (177)
eth_blockNumber (178)
eth_blockNumber (179)
eth_blockNumber (180)
eth_blockNumber (181)
eth_blockNumber (182)
eth_blockNumber (183)
eth_blockNumber (184)
eth_blockNumber (185)
eth_blockNumber (186)
eth_blockNumber (187)
eth_blockNumber (188)
eth_blockNumber (189)
eth_blockNumber (190)
eth_blockNumber (191)
eth_blockNumber (192)
eth_blockNumber (193)
eth_blockNumber (194)
eth_blockNumber (195)
eth_blockNumber (196)
eth_blockNumber (197)
eth_blockNumber (198)
eth_blockNumber (199)
eth_blockNumber (200)
eth_blockNumber (201)
eth_blockNumber (202)
eth_blockNumber (203)
eth_blockNumber (204)
eth_blockNumber (205)
eth_blockNumber (206)
eth_blockNumber (207)
eth_blockNumber (208)
eth_blockNumber (209)
eth_blockNumber (210)
eth_blockNumber (211)
eth_blockNumber (212)
