Listening for OracleConsumerContract MessageQueued events...
Received event [MessageQueued]: {
  tail: 0n,
  data: '0x0000000000000000000000000000000000000000000000000000000000000001000000000000000000000000f39fd6e51aad88f6f4ce6ab8827279cfffb92266000000000000000000000000d8da6bf26964af9d7eed9e03e53415d37aa96045'
}
handle req: 0x0000000000000000000000000000000000000000000000000000000000000001000000000000000000000000f39fd6e51aad88f6f4ce6ab8827279cfffb92266000000000000000000000000d8da6bf26964af9d7eed9e03e53415d37aa96045
[1]: 0xf39Fd6e51aad88F6F4ce6aB8827279cffFb92266 0xd8dA6BF26964aF9D7eEd9e03E53415D37aA96045
Request received for profile 0xf39Fd6e51aad88F6F4ce6aB8827279cffFb92266 0xd8dA6BF26964aF9D7eEd9e03E53415D37aA96045
Wallet Score... Result [50]
Lens Profile Check... Result [57]
Farcaster Account Check... Result [65]
Primary ENS Account. Result [70]
NFT Check... Result [70]
POAP Check... Result [100]
response: 0,1,0xf39Fd6e51aad88F6F4ce6aB8827279cffFb92266,100
JS Execution output: 0x00000000000000000000000000000000000000000000000000000000000000000000000000000000000000000000000000000000000000000000000000000001000000000000000000000000f39fd6e51aad88f6f4ce6ab8827279cfffb922660000000000000000000000000000000000000000000000000000000000000064
Received event [MessageQueued]: {
  tail: 1n,
  data: '0x0000000000000000000000000000000000000000000000000000000000000002000000000000000000000000f39fd6e51aad88f6f4ce6ab8827279cfffb92266000000000000000000000000898bf7ddbf1cbc0b796126a0d3b540704625ad4b'
}
handle req: 0x0000000000000000000000000000000000000000000000000000000000000002000000000000000000000000f39fd6e51aad88f6f4ce6ab8827279cfffb92266000000000000000000000000898bf7ddbf1cbc0b796126a0d3b540704625ad4b
[2]: 0xf39Fd6e51aad88F6F4ce6aB8827279cffFb92266 0x898BF7DdBf1cBc0b796126A0D3b540704625AD4b
Request received for profile 0xf39Fd6e51aad88F6F4ce6aB8827279cffFb92266 0x898BF7DdBf1cBc0b796126A0D3b540704625AD4b
Wallet Score... Result [50]
Lens Profile Check... Result [50]
Farcaster Account Check... Result [58]
NFT Check... Result [58]
POAP Check... Result [61]
response: 0,2,0xf39Fd6e51aad88F6F4ce6aB8827279cffFb92266,61
JS Execution output: 0x00000000000000000000000000000000000000000000000000000000000000000000000000000000000000000000000000000000000000000000000000000002000000000000000000000000f39fd6e51aad88f6f4ce6ab8827279cfffb92266000000000000000000000000000000000000000000000000000000000000003d
